<?xml version="1.0" encoding="UTF-8"?>
<!-- Generated by org.testng.reporters.JUnitReportReporter -->
<testsuite hostname="DESKTOP-BL08O2D" failures="0" tests="2" name="lounch.Google" time="30.062" errors="0" timestamp="2024-07-26T20:10:56 IST" skipped="0">
  <testcase classname="lounch.Google" name="lounchFacebook" time="17.533"/>
  <testcase classname="lounch.Google" name="lounchGoogle" time="12.529"/>
</testsuite> <!-- lounch.Google -->
