<?xml version="1.0" encoding="UTF-8"?>
<!-- Generated by org.testng.reporters.JUnitReportReporter -->
<testsuite hostname="DESKTOP-BL08O2D" failures="0" tests="1" name="assertion.AssertEquals" time="11.433" errors="0" timestamp="2024-08-06T15:50:20 IST" skipped="0">
  <testcase classname="assertion.AssertEquals" name="TestAsert" time="11.433"/>
</testsuite> <!-- assertion.AssertEquals -->
